2024-05-13 14:27:53.010 [info] Added views:workbench.panel.markers.view in workbench.panel.markers
2024-05-13 14:27:53.010 [info] Added views:workbench.panel.output in workbench.panel.output
2024-05-13 14:27:53.010 [info] Added views:terminal in terminal
2024-05-13 14:27:53.010 [info] Added views:outline in workbench.view.explorer
2024-05-13 14:27:53.010 [info] Added views:workbench.scm in workbench.view.scm
2024-05-13 14:27:53.010 [info] Added views:workbench.view.search in workbench.view.search
2024-05-13 14:27:53.010 [info] Added views:timeline in workbench.view.explorer
2024-05-13 14:27:53.010 [info] Added views:workbench.explorer.emptyView in workbench.view.explorer
2024-05-13 14:27:53.832 [info] Added views:workbench.debug.variablesView,workbench.debug.watchExpressionsView,workbench.debug.callStackView,workbench.debug.breakPointsView in workbench.view.debug
2024-05-13 14:27:53.869 [info] Added views:workbench.panel.repl.view in workbench.panel.repl
2024-05-13 14:27:53.870 [info] Removed views:workbench.debug.breakPointsView,workbench.debug.callStackView,workbench.debug.watchExpressionsView,workbench.debug.variablesView from workbench.view.debug
2024-05-13 14:27:53.871 [info] Added views:workbench.debug.welcome in workbench.view.debug
2024-05-13 14:27:54.015 [info] Added views:~remote.forwardedPorts in ~remote.forwardedPortsContainer
2024-05-13 14:47:40.894 [info] Added views:workbench.views.extensions.installed,workbench.views.extensions.popular,extensions.recommendedList in workbench.view.extensions
2024-05-13 14:47:40.898 [info] Removed views:workbench.views.extensions.popular from workbench.view.extensions
2024-05-13 14:47:41.129 [info] Added views:workbench.views.extensions.popular in workbench.view.extensions
2024-05-13 14:47:42.982 [info] Removed views:extensions.recommendedList,workbench.views.extensions.popular,workbench.views.extensions.installed from workbench.view.extensions
2024-05-13 14:47:42.999 [info] Added views:workbench.views.extensions.marketplace in workbench.view.extensions
2024-05-13 14:48:46.087 [info] Added views:workbench.panel.markers.view in workbench.panel.markers
2024-05-13 14:48:46.087 [info] Added views:workbench.panel.output in workbench.panel.output
2024-05-13 14:48:46.087 [info] Added views:terminal in terminal
2024-05-13 14:48:46.087 [info] Added views:outline in workbench.view.explorer
2024-05-13 14:48:46.088 [info] Added views:workbench.scm in workbench.view.scm
2024-05-13 14:48:46.088 [info] Added views:workbench.view.search in workbench.view.search
2024-05-13 14:48:46.088 [info] Added views:timeline in workbench.view.explorer
2024-05-13 14:48:46.088 [info] Added views:workbench.explorer.fileView in workbench.view.explorer
2024-05-13 14:48:46.349 [info] Added views:workbench.debug.variablesView,workbench.debug.watchExpressionsView,workbench.debug.callStackView,workbench.debug.breakPointsView in workbench.view.debug
2024-05-13 14:48:46.500 [info] Added views:~remote.forwardedPorts in ~remote.forwardedPortsContainer
2024-05-13 14:48:46.648 [info] Added views:workbench.panel.repl.view in workbench.panel.repl
2024-05-13 14:48:46.650 [info] Removed views:workbench.debug.breakPointsView,workbench.debug.callStackView,workbench.debug.watchExpressionsView,workbench.debug.variablesView from workbench.view.debug
2024-05-13 14:48:46.651 [info] Added views:workbench.debug.welcome in workbench.view.debug
2024-05-13 14:48:50.087 [info] Added views:workbench.view.testing in workbench.view.extension.test
2024-05-13 14:48:50.108 [info] Added views:dartDependencyTree in workbench.view.explorer
2024-05-13 14:48:50.116 [info] Added views:dartFlutterSidebar,dartFlutterOutline in workbench.view.extension.flutter
2024-05-13 14:49:49.583 [info] Added views:workbench.debug.breakPointsView in workbench.view.debug
2024-05-13 14:49:50.474 [info] Removed views:workbench.debug.welcome from workbench.view.debug
2024-05-13 14:49:50.474 [info] Added views:workbench.debug.variablesView,workbench.debug.watchExpressionsView,workbench.debug.callStackView in workbench.view.debug
2024-05-13 14:50:00.138 [info] Added views:workbench.views.extensions.installed,workbench.views.extensions.popular,extensions.recommendedList in workbench.view.extensions
2024-05-13 14:50:00.144 [info] Removed views:workbench.views.extensions.popular from workbench.view.extensions
2024-05-13 14:50:03.077 [info] Removed views:extensions.recommendedList,workbench.views.extensions.installed from workbench.view.extensions
2024-05-13 14:50:03.083 [info] Added views:workbench.views.extensions.marketplace in workbench.view.extensions
2024-05-13 16:00:08.451 [info] Removed views:workbench.debug.callStackView,workbench.debug.watchExpressionsView,workbench.debug.variablesView from workbench.view.debug
2024-05-13 16:00:08.471 [info] Added views:workbench.debug.welcome in workbench.view.debug
2024-05-13 16:01:58.383 [info] Removed views:workbench.view.testing from workbench.view.extension.test
