2024-05-13 14:27:53.438 [info] Started initializing default profile extensions in extensions installation folder. file:///home/willssedgar/.vscode-oss/extensions
2024-05-13 14:27:53.572 [warning] Failed to create default profile extensions manifest in extensions installation folder. file:///home/willssedgar/.vscode-oss/extensions Unable to create file 'vscode-userdata:/home/willssedgar/.vscode-oss/extensions/extensions.json' that already exists when overwrite flag is not set
2024-05-13 14:27:53.572 [info] Completed initializing default profile extensions in extensions installation folder. file:///home/willssedgar/.vscode-oss/extensions
2024-05-13 14:47:47.609 [info] Getting Manifest... dart-code.flutter
2024-05-13 14:47:47.698 [info] Installing extension: dart-code.flutter
2024-05-13 14:47:47.852 [info] Getting Manifest... dart-code.dart-code
2024-05-13 14:47:48.130 [info] Installing extension: dart-code.dart-code
2024-05-13 14:47:48.741 [error] Could not load vsce-sign module Cannot find module '@vscode/vsce-sign'
Require stack:
- /opt/vscodium-bin/resources/app/out/bootstrap-amd.js
- /opt/vscodium-bin/resources/app/out/bootstrap-fork.js
2024-05-13 14:47:48.741 [info] Extension signature verification is not done: dart-code.flutter
2024-05-13 14:47:48.775 [info] Extracted extension to file:///home/willssedgar/.vscode-oss/extensions/dart-code.flutter-3.88.0-universal: dart-code.flutter
2024-05-13 14:47:48.804 [info] Renamed to /home/willssedgar/.vscode-oss/extensions/dart-code.flutter-3.88.0-universal
2024-05-13 14:47:48.806 [info] Extracting extension completed. dart-code.flutter
2024-05-13 14:47:48.907 [error] [uncaught exception in sharedProcess]: Error: ENOENT: no such file or directory, stat '/home/willssedgar/.vscode-oss/extensions/extensions.json.vsctmp': EntryNotFound (FileSystemError): Error: ENOENT: no such file or directory, stat '/home/willssedgar/.vscode-oss/extensions/extensions.json.vsctmp'
    at a.create (/opt/vscodium-bin/resources/app/out/vs/code/node/sharedProcess/sharedProcessMain.js:53:35240)
    at y (/opt/vscodium-bin/resources/app/out/vs/code/node/sharedProcess/sharedProcessMain.js:53:35371)
    at t.toFileSystemProviderError (/opt/vscodium-bin/resources/app/out/vs/code/node/sharedProcess/sharedProcessMain.js:58:48350)
    at t.stat (/opt/vscodium-bin/resources/app/out/vs/code/node/sharedProcess/sharedProcessMain.js:58:38945)
    at async S.stat (/opt/vscodium-bin/resources/app/out/vs/code/node/sharedProcess/sharedProcessMain.js:58:21449)
    at async H.onDidFilesChange (/opt/vscodium-bin/resources/app/out/vs/code/node/sharedProcess/sharedProcessMain.js:104:135201)
2024-05-13 14:48:02.756 [error] Could not load vsce-sign module Cannot find module '@vscode/vsce-sign'
Require stack:
- /opt/vscodium-bin/resources/app/out/bootstrap-amd.js
- /opt/vscodium-bin/resources/app/out/bootstrap-fork.js
2024-05-13 14:48:02.756 [info] Extension signature verification is not done: dart-code.dart-code
2024-05-13 14:48:12.196 [info] Extracted extension to file:///home/willssedgar/.vscode-oss/extensions/dart-code.dart-code-3.88.0-universal: dart-code.dart-code
2024-05-13 14:48:12.259 [info] Renamed to /home/willssedgar/.vscode-oss/extensions/dart-code.dart-code-3.88.0-universal
2024-05-13 14:48:12.263 [info] Extracting extension completed. dart-code.dart-code
2024-05-13 14:48:12.327 [info] Extension installed successfully: dart-code.flutter
2024-05-13 14:48:12.327 [info] Extension installed successfully: dart-code.dart-code
2024-05-13 14:48:12.353 [error] [uncaught exception in sharedProcess]: Error: ENOENT: no such file or directory, stat '/home/willssedgar/.vscode-oss/extensions/extensions.json.vsctmp': EntryNotFound (FileSystemError): Error: ENOENT: no such file or directory, stat '/home/willssedgar/.vscode-oss/extensions/extensions.json.vsctmp'
    at a.create (/opt/vscodium-bin/resources/app/out/vs/code/node/sharedProcess/sharedProcessMain.js:53:35240)
    at y (/opt/vscodium-bin/resources/app/out/vs/code/node/sharedProcess/sharedProcessMain.js:53:35371)
    at t.toFileSystemProviderError (/opt/vscodium-bin/resources/app/out/vs/code/node/sharedProcess/sharedProcessMain.js:58:48350)
    at t.stat (/opt/vscodium-bin/resources/app/out/vs/code/node/sharedProcess/sharedProcessMain.js:58:38945)
    at async S.stat (/opt/vscodium-bin/resources/app/out/vs/code/node/sharedProcess/sharedProcessMain.js:58:21449)
    at async H.onDidFilesChange (/opt/vscodium-bin/resources/app/out/vs/code/node/sharedProcess/sharedProcessMain.js:104:135201)
2024-05-13 14:50:07.026 [info] Getting Manifest... asvetliakov.vscode-neovim
2024-05-13 14:50:07.287 [info] Installing extension: asvetliakov.vscode-neovim
2024-05-13 14:50:09.154 [error] Could not load vsce-sign module Cannot find module '@vscode/vsce-sign'
Require stack:
- /opt/vscodium-bin/resources/app/out/bootstrap-amd.js
- /opt/vscodium-bin/resources/app/out/bootstrap-fork.js
2024-05-13 14:50:09.155 [info] Extension signature verification is not done: asvetliakov.vscode-neovim
2024-05-13 14:50:09.212 [info] Extracted extension to file:///home/willssedgar/.vscode-oss/extensions/asvetliakov.vscode-neovim-1.11.3-universal: asvetliakov.vscode-neovim
2024-05-13 14:50:09.247 [info] Renamed to /home/willssedgar/.vscode-oss/extensions/asvetliakov.vscode-neovim-1.11.3-universal
2024-05-13 14:50:09.249 [info] Extracting extension completed. asvetliakov.vscode-neovim
2024-05-13 14:50:09.292 [info] Extension installed successfully: asvetliakov.vscode-neovim
2024-05-13 14:50:09.333 [error] [uncaught exception in sharedProcess]: Error: ENOENT: no such file or directory, stat '/home/willssedgar/.vscode-oss/extensions/extensions.json.vsctmp': EntryNotFound (FileSystemError): Error: ENOENT: no such file or directory, stat '/home/willssedgar/.vscode-oss/extensions/extensions.json.vsctmp'
    at a.create (/opt/vscodium-bin/resources/app/out/vs/code/node/sharedProcess/sharedProcessMain.js:53:35240)
    at y (/opt/vscodium-bin/resources/app/out/vs/code/node/sharedProcess/sharedProcessMain.js:53:35371)
    at t.toFileSystemProviderError (/opt/vscodium-bin/resources/app/out/vs/code/node/sharedProcess/sharedProcessMain.js:58:48350)
    at t.stat (/opt/vscodium-bin/resources/app/out/vs/code/node/sharedProcess/sharedProcessMain.js:58:38945)
    at async S.stat (/opt/vscodium-bin/resources/app/out/vs/code/node/sharedProcess/sharedProcessMain.js:58:21449)
    at async H.onDidFilesChange (/opt/vscodium-bin/resources/app/out/vs/code/node/sharedProcess/sharedProcessMain.js:104:135201)
