2024-05-13 14:27:54.078 [info] Log level: Info
2024-05-13 14:27:54.078 [info] Validating found git in: "git"
2024-05-13 14:27:54.078 [info] Using git "2.45.0" from "git"
2024-05-13 14:48:49.703 [info] Log level: Info
2024-05-13 14:48:49.703 [info] Validating found git in: "git"
2024-05-13 14:48:49.703 [info] Using git "2.45.0" from "git"
2024-05-13 14:48:49.703 [info] > git rev-parse --show-toplevel [104ms]
2024-05-13 14:48:49.703 [info] fatal: not a git repository (or any of the parent directories): .git
2024-05-13 14:48:49.703 [info] > git rev-parse --show-toplevel [5ms]
2024-05-13 14:48:49.703 [info] fatal: not a git repository (or any of the parent directories): .git
2024-05-13 14:48:49.709 [info] > git rev-parse --show-toplevel [2ms]
2024-05-13 14:48:49.709 [info] fatal: not a git repository (or any of the parent directories): .git
2024-05-13 14:48:49.713 [info] > git rev-parse --show-toplevel [1ms]
2024-05-13 14:48:49.713 [info] fatal: not a git repository (or any of the parent directories): .git
2024-05-13 14:48:49.718 [info] > git rev-parse --show-toplevel [1ms]
2024-05-13 14:48:49.718 [info] fatal: not a git repository (or any of the parent directories): .git
2024-05-13 14:48:49.722 [info] > git rev-parse --show-toplevel [1ms]
2024-05-13 14:48:49.722 [info] fatal: not a git repository (or any of the parent directories): .git
2024-05-13 14:48:49.727 [info] > git rev-parse --show-toplevel [1ms]
2024-05-13 14:48:49.727 [info] fatal: not a git repository (or any of the parent directories): .git
2024-05-13 14:48:49.732 [info] > git rev-parse --show-toplevel [2ms]
2024-05-13 14:48:49.732 [info] fatal: not a git repository (or any of the parent directories): .git
2024-05-13 14:48:49.736 [info] > git rev-parse --show-toplevel [1ms]
2024-05-13 14:48:49.736 [info] fatal: not a git repository (or any of the parent directories): .git
2024-05-13 14:48:49.742 [info] > git rev-parse --show-toplevel [2ms]
2024-05-13 14:48:49.742 [info] fatal: not a git repository (or any of the parent directories): .git
2024-05-13 14:48:49.746 [info] > git rev-parse --show-toplevel [1ms]
2024-05-13 14:48:49.746 [info] fatal: not a git repository (or any of the parent directories): .git
2024-05-13 14:48:49.751 [info] > git rev-parse --show-toplevel [1ms]
2024-05-13 14:48:49.751 [info] fatal: not a git repository (or any of the parent directories): .git
2024-05-13 14:48:49.766 [info] > git rev-parse --show-toplevel [12ms]
2024-05-13 14:48:49.766 [info] fatal: not a git repository (or any of the parent directories): .git
2024-05-13 14:49:42.865 [info] > git rev-parse --show-toplevel [68ms]
2024-05-13 14:49:42.865 [info] fatal: not a git repository (or any of the parent directories): .git
2024-05-13 14:50:09.355 [info] > git rev-parse --show-toplevel [12ms]
2024-05-13 14:50:09.355 [info] fatal: not a git repository (or any of the parent directories): .git
2024-05-13 14:56:40.482 [info] > git rev-parse --show-toplevel [15ms]
2024-05-13 14:56:40.483 [info] fatal: not a git repository (or any of the parent directories): .git
2024-05-13 14:56:54.375 [info] > git rev-parse --show-toplevel [2ms]
2024-05-13 14:56:54.375 [info] fatal: not a git repository (or any of the parent directories): .git
2024-05-13 15:52:28.806 [info] > git rev-parse --show-toplevel [2ms]
2024-05-13 15:52:28.806 [info] fatal: not a git repository (or any of the parent directories): .git
2024-05-13 15:57:49.723 [info] > git rev-parse --show-toplevel [2ms]
2024-05-13 15:57:49.723 [info] fatal: not a git repository (or any of the parent directories): .git
2024-05-13 15:57:54.344 [info] > git rev-parse --show-toplevel [2ms]
2024-05-13 15:57:54.344 [info] fatal: not a git repository (or any of the parent directories): .git
2024-05-13 16:00:07.968 [info] > git rev-parse --show-toplevel [1ms]
2024-05-13 16:00:07.968 [info] fatal: not a git repository (or any of the parent directories): .git
