[20335][1716484017658][main][info]["Booting Postman 11.1.14, linux-6.9.1-arch1-2 on x64"]
[20335][1716484017664][main][info]["EventBus~initialize - Success"]
[20335][1716484017666][main][info]["Proxy configuration has not been setup"]
[20335][1716484017667][main][info]["CloudProxyManager~init - Success"]
[20335][1716484017671][main][info]["performShellDataMigration: Starting shell data migration"]
[20335][1716484017671][main][info]["migrateShellData:Starting"]
[20335][1716484017685][main][info]["migrateShellData: Old storage cleaned up"]
[20335][1716484018285][main][info]["migrateShellData: Got data from shell. Writing to storage"]
[20335][1716484018325][main][info]["performShellDataMigration: Migration successful on try count 1"]
[20335][1716484018352][main][info]["UpdateHandler~init - Success"]
[20335][1716484018358][main][info]["LeaderSelection: Initialized successfully"]
[20335][1716484018360][main][info]["VersionDependencyService: Initialized successfully"]
[20335][1716484018374][main][info]["Generated root certificate for linux"]
[20335][1716484018378][main][info]["LinuxAutoUpdater~Cleanup - Initial cleanup successful"]
[20335][1716484018399][main][info]["GPU detected VID 4098 DID 26128 ACTIVE true"]
[20335][1716484018403][main][info]["newAccountRegionPreferenceService~getPreferenceWithFallback - Preference not found in storage."]
[20335][1716484018403][main][info]["newAccountRegionPreferenceService~getToggleMenuTemplate - Using preference:","useUSRegion"]
[20335][1716484018472][main][info]["shellController~init: Success"]
[20335][1716484018537][main][info]["shellMeta~init: Success"]
[20335][1716484018537][main][info]["partitionMigrationService: State of V7 partition:"]
[20335][1716484018537][main][info]["partitionMigrationService: V7 partitions",[]]
[20335][1716484018538][main][info]["partitionMigrationService~rectifyNamespaceOfScratchPadPartition: There is no partition with scratchpad namespace"]
[20335][1716484018538][main][info]["partitionMigrationService~rectifyNamespaceOfScratchPadPartition: There is no transit partition which could have been used for scratchpad"]
[20335][1716484018538][main][info]["partitionMigrationService~init: Success"]
[20335][1716484018541][main][info]["proxyCertificateService~ensureRootCAPresence: Deleting and creating new certificates"]
[20335][1716484018550][main][info]["partitionMigrationService~runV8PartitionsIntegrity: Two way migration~ removing the following partitions from v8",[]]
[20335][1716484018555][main][info]["userPartitionService~_rectifyTheActivePartitionOfApplication: Setting the active partition to ",null]
[20335][1716484018632][main][info]["userPartitionService~init: Success"]
[20335][1716484018741][main][info]["userPartitionService: State of v8 partition system:"]
[20335][1716484018753][main][info]["shell~init~getPartitionToLoad: loading scratchpad partition"]
[20335][1716484018760][main][info]["userPartitionService: List of partitions:",[]]
[20335][1716484018761][main][info]["userPartitionService: users global meta:",{}]
[20335][1716484018913][main][info]["Main:windowManager~newRequesterWindow: Fetch and update runtime config: undefined"]
[20335][1716484021425][main][info]["RuntimeIPCAgent~started: Success"]
[20335][1716484026158][main][info]["Main~scratchpadThemeAction:: action: set, value: light"]
[20335][1716484026160][main][info]["Main~scratchpadThemeAction:: action: set, value: light"]
[20335][1716484026161][main][info]["Main~scratchpadThemeAction:: action: set, value: light"]
[20335][1716484026247][main][info]["UpdateHandler~app-update-events - Received event",{"name":"checkForElectronVersionUpdated","namespace":"appUpdate"}]
[20335][1716484026258][main][info]["windowManager: First requester booted successfully."]
[20335][1716484026258][main][info]["windowManager~restoreWindows: Restoring requester windows"]
[20335][1716484026258][main][info]["Main~AppEvents - Received booted event for process requester.Version undefined UI Version: undefined Desktop Platform Version: 11.1.14"]
[20335][1716484057196][main][info]["VersionDependencyService: Resetting UI version as user logged out/switched account"]
[20335][1716484057197][main][info]["Main - model-events~user - (users, add) received"]
[20335][1716484057461][main][info]["AuthHandler~open: Received dom-ready event."]
[20335][1716484057468][main][info]["AuthHandler~open: Received did-finish-load event."]
[20335][1716484057739][main][warn]["AuthHandler~open: Current app is not default protocol client - Falling back to polling mechanism."]
[20335][1716484057743][main][info]["newAccountRegionPreferenceService~getPreferenceWithFallback - Preference not found in storage."]
[20335][1716484057744][main][info]["newAccountRegionPreferenceService~getRegionPreference - Using preference:","useUSRegion"]
[20335][1716484057744][main][info]["AuthHandler~open: new Account region preference:","us"]
[20335][1716484057744][main][info]["AuthHandler~open: get multiLoginToken token."]
[20335][1716484057748][main][info]["AuthHandler~open: Publishing initialize event to auth-window channel."]
[20335][1716484065152][main][info]["Shell~init~loginUser: associating the user ","33399739"," with transit partition"]
[20335][1716484065153][main][info]["userPartitionService~getNewPartitionId: creating a partition with userId and teamId as 0"]
[20335][1716484065277][main][info]["userPartitionService~associateTransitPartition: ",{"partitionId":"d589bf1b-af9b-4c06-b656-5b436226ea34","context":{"namespace":"users","userId":"33399739","teamId":"0","region":"us"}}]
[20335][1716484065458][main][info]["userPartitionService: State of v8 partition system:"]
[20335][1716484065471][main][info]["userPartitionService: List of partitions:",[{"partitionId":"d589bf1b-af9b-4c06-b656-5b436226ea34","namespace":"users","userId":"33399739","teamId":"0","lastUpdated":"2024-05-23T17:07:45.277Z"},{"partitionId":"4a68c6a8-5abf-4a04-bff2-8d33631084d8","namespace":"scratchPad","userId":0,"teamId":0,"isDirty":false}]]
[20335][1716484065473][main][info]["userPartitionService: users global meta:",{}]
[20335][1716484065528][main][info]["Main:windowManager~newRequesterWindow: Fetch and update runtime config: us"]
[20335][1716484075442][main][info]["Main~getRemoteInitPath:: "]
[20335][1716484075935][main][info]["Main - model-events~user - (user, update) received"]
[20335][1716484075936][main][info]["Main~reload: https://desktop.postman.com/?desktopVersion=11.1.14&userId=33399739&teamId=0&region=us"]
[20335][1716484078670][main][info]["Main~getRemoteInitPath:: "]
[20335][1716484079132][main][info]["Main - model-events~user - (user, update) received"]
[20335][1716484079429][main][info]["UpdateHandler~app-update-events - Received event",{"name":"checkForElectronVersionUpdated","namespace":"appUpdate"}]
[20335][1716484079447][main][info]["windowManager: First requester booted successfully."]
[20335][1716484079447][main][info]["windowManager~restoreWindows: Restoring requester windows"]
[20335][1716484079447][main][info]["Main~AppEvents - Received booted event for process requester.Version 11.1.14 UI Version: 11.1.14-ui-240521-0853 Desktop Platform Version: 11.1.14"]
[20335][1716484079575][main][info]["Main~getRemoteInitPath:: "]
[20335][1716484079753][main][info]["INTERCEPTOR CONNECTIVITY: Attempting to start websocket server on port 15611"]
[20335][1716484081314][main][info]["Main~getPlatformLaunchPerfMetrics"]
[20335][1716484081752][main][info]["Main - model-events~user - (user, bootstrapUser) received"]
[20335][1716484081752][main][info]["model-events~user - bootstrapUser received"]
[20335][1716484081859][main][info]["Main - model-events~user - (user, bootstrapUser) received"]
[20335][1716484081859][main][info]["model-events~user - bootstrapUser received"]
[81009][1716571490868][main][info]["Booting Postman 11.1.14, linux-6.9.1-arch1-2 on x64"]
[81009][1716571490870][main][info]["EventBus~initialize - Success"]
[81009][1716571490872][main][info]["Proxy configuration has not been setup"]
[81009][1716571490873][main][info]["CloudProxyManager~init - Success"]
[81009][1716571490891][main][info]["performShellDataMigration: Migration has already been done. Bailing out"]
[81009][1716571490898][main][info]["UpdateHandler~init - Success"]
[81009][1716571490900][main][info]["LeaderSelection: Initialized successfully"]
[81009][1716571490900][main][info]["VersionDependencyService: Initialized successfully"]
[81009][1716571490906][main][info]["LinuxAutoUpdater~Cleanup - Initial cleanup successful"]
[81009][1716571490923][main][info]["GPU detected VID 4098 DID 26128 ACTIVE true"]
[81009][1716571490926][main][info]["newAccountRegionPreferenceService~getPreferenceWithFallback - Preference not found in storage."]
[81009][1716571490926][main][info]["newAccountRegionPreferenceService~getToggleMenuTemplate - Using preference:","useUSRegion"]
[81009][1716571491062][main][info]["shellController~init: Success"]
[81009][1716571491067][main][info]["shellMeta~init: Success"]
[81009][1716571491068][main][info]["partitionMigrationService: State of V7 partition:"]
[81009][1716571491068][main][info]["partitionMigrationService: V7 partitions",[]]
[81009][1716571491068][main][info]["partitionMigrationService~rectifyNamespaceOfScratchPadPartition: There is no partition with scratchpad namespace"]
[81009][1716571491068][main][info]["partitionMigrationService~rectifyNamespaceOfScratchPadPartition: There is no transit partition which could have been used for scratchpad"]
[81009][1716571491068][main][info]["partitionMigrationService~init: Success"]
[81009][1716571491086][main][info]["partitionMigrationService~runV8PartitionsIntegrity: Two way migration~ removing the following partitions from v8",[]]
[81009][1716571491090][main][info]["userPartitionService~getRecentV8UserPartition: recent v8 user context partition ","d589bf1b-af9b-4c06-b656-5b436226ea34"]
[81009][1716571491091][main][info]["userPartitionService~_rectifyTheActivePartitionOfApplication: Setting the active partition to ","d589bf1b-af9b-4c06-b656-5b436226ea34"]
[81009][1716571491154][main][info]["userPartitionService~init: Success"]
[81009][1716571491275][main][info]["userPartitionService: State of v8 partition system:"]
[81009][1716571491294][main][info]["shell~init~getPartitionToLoad: loading active partition"]
[81009][1716571491298][main][info]["userPartitionService: List of partitions:",[{"partitionId":"d589bf1b-af9b-4c06-b656-5b436226ea34","namespace":"users","userId":"33399739","teamId":"0","lastUpdated":"2024-05-23T17:07:45.277Z"},{"partitionId":"4a68c6a8-5abf-4a04-bff2-8d33631084d8","namespace":"scratchPad","userId":0,"teamId":0,"isDirty":false}]]
[81009][1716571491299][main][info]["userPartitionService: users global meta:",{}]
[81009][1716571491304][main][info]["Main:windowManager~newRequesterWindow: Fetch and update runtime config: us"]
[81009][1716571492609][main][info]["RuntimeIPCAgent~started: Success"]
[81009][1716571494486][main][info]["Main~getRemoteInitPath:: "]
[81009][1716571495168][main][info]["UpdateHandler~app-update-events - Received event",{"name":"checkForElectronVersionUpdated","namespace":"appUpdate"}]
[81009][1716571495196][main][info]["windowManager: First requester booted successfully."]
[81009][1716571495196][main][info]["windowManager~restoreWindows: Restoring requester windows"]
[81009][1716571495197][main][info]["Main~AppEvents - Received booted event for process requester.Version 11.1.14 UI Version: 11.1.14-ui-240521-0853 Desktop Platform Version: 11.1.14"]
[81009][1716571495327][main][info]["Main~getRemoteInitPath:: "]
[81009][1716571495486][main][info]["INTERCEPTOR CONNECTIVITY: Attempting to start websocket server on port 15611"]
[81009][1716571497716][main][info]["Main~getPlatformLaunchPerfMetrics"]
[81009][1716571498161][main][info]["Main - model-events~user - (user, bootstrapUser) received"]
[81009][1716571498161][main][info]["model-events~user - bootstrapUser received"]
[107913][1716641864398][main][info]["Booting Postman 11.1.14, linux-6.9.1-arch1-2 on x64"]
[107913][1716641864400][main][info]["EventBus~initialize - Success"]
[107913][1716641864403][main][info]["Proxy configuration has not been setup"]
[107913][1716641864403][main][info]["CloudProxyManager~init - Success"]
[107913][1716641864422][main][info]["performShellDataMigration: Migration has already been done. Bailing out"]
[107913][1716641864429][main][info]["UpdateHandler~init - Success"]
[107913][1716641864430][main][info]["LeaderSelection: Initialized successfully"]
[107913][1716641864431][main][info]["VersionDependencyService: Initialized successfully"]
[107913][1716641864436][main][info]["LinuxAutoUpdater~Cleanup - Initial cleanup successful"]
[107913][1716641864454][main][info]["GPU detected VID 4098 DID 26128 ACTIVE true"]
[107913][1716641864458][main][info]["newAccountRegionPreferenceService~getPreferenceWithFallback - Preference not found in storage."]
[107913][1716641864458][main][info]["newAccountRegionPreferenceService~getToggleMenuTemplate - Using preference:","useUSRegion"]
[107913][1716641864591][main][info]["shellController~init: Success"]
[107913][1716641864600][main][info]["shellMeta~init: Success"]
[107913][1716641864601][main][info]["partitionMigrationService: State of V7 partition:"]
[107913][1716641864601][main][info]["partitionMigrationService: V7 partitions",[]]
[107913][1716641864601][main][info]["partitionMigrationService~rectifyNamespaceOfScratchPadPartition: There is no partition with scratchpad namespace"]
[107913][1716641864602][main][info]["partitionMigrationService~rectifyNamespaceOfScratchPadPartition: There is no transit partition which could have been used for scratchpad"]
[107913][1716641864602][main][info]["partitionMigrationService~init: Success"]
[107913][1716641864611][main][info]["partitionMigrationService~runV8PartitionsIntegrity: Two way migration~ removing the following partitions from v8",[]]
[107913][1716641864616][main][info]["userPartitionService~getRecentV8UserPartition: recent v8 user context partition ","d589bf1b-af9b-4c06-b656-5b436226ea34"]
[107913][1716641864616][main][info]["userPartitionService~_rectifyTheActivePartitionOfApplication: Setting the active partition to ","d589bf1b-af9b-4c06-b656-5b436226ea34"]
[107913][1716641864680][main][info]["userPartitionService~init: Success"]
[107913][1716641864779][main][info]["userPartitionService: State of v8 partition system:"]
[107913][1716641864790][main][info]["shell~init~getPartitionToLoad: loading active partition"]
[107913][1716641864795][main][info]["userPartitionService: List of partitions:",[{"partitionId":"d589bf1b-af9b-4c06-b656-5b436226ea34","namespace":"users","userId":"33399739","teamId":"0","lastUpdated":"2024-05-23T17:07:45.277Z"},{"partitionId":"4a68c6a8-5abf-4a04-bff2-8d33631084d8","namespace":"scratchPad","userId":0,"teamId":0,"isDirty":false}]]
[107913][1716641864797][main][info]["userPartitionService: users global meta:",{}]
[107913][1716641864812][main][info]["Main:windowManager~newRequesterWindow: Fetch and update runtime config: us"]
[107913][1716641866159][main][info]["RuntimeIPCAgent~started: Success"]
[107913][1716641868152][main][info]["Main~getRemoteInitPath:: "]
[107913][1716641868845][main][info]["UpdateHandler~app-update-events - Received event",{"name":"checkForElectronVersionUpdated","namespace":"appUpdate"}]
[107913][1716641868875][main][info]["windowManager: First requester booted successfully."]
[107913][1716641868876][main][info]["windowManager~restoreWindows: Restoring requester windows"]
[107913][1716641868876][main][info]["Main~AppEvents - Received booted event for process requester.Version 11.1.14 UI Version: 11.1.14-ui-240521-0853 Desktop Platform Version: 11.1.14"]
[107913][1716641869005][main][info]["Main~getRemoteInitPath:: "]
[107913][1716641869196][main][info]["INTERCEPTOR CONNECTIVITY: Attempting to start websocket server on port 15611"]
[107913][1716641869268][main][info]["Main~getPlatformLaunchPerfMetrics"]
[107913][1716641871116][main][info]["Main - model-events~user - (user, bootstrapUser) received"]
[107913][1716641871117][main][info]["model-events~user - bootstrapUser received"]
[6200][1716816920255][main][info]["Booting Postman 11.1.14, linux-6.9.1-arch1-2 on x64"]
[6200][1716816920259][main][info]["EventBus~initialize - Success"]
[6200][1716816920300][main][info]["Proxy configuration has not been setup"]
[6200][1716816920303][main][info]["CloudProxyManager~init - Success"]
[6200][1716816920498][main][info]["performShellDataMigration: Migration has already been done. Bailing out"]
[6200][1716816920510][main][info]["UpdateHandler~init - Success"]
[6200][1716816920512][main][info]["LeaderSelection: Initialized successfully"]
[6200][1716816920514][main][info]["VersionDependencyService: Initialized successfully"]
[6200][1716816920533][main][info]["LinuxAutoUpdater~Cleanup - Initial cleanup successful"]
[6200][1716816920554][main][info]["GPU detected VID 4098 DID 26128 ACTIVE true"]
[6200][1716816920557][main][info]["newAccountRegionPreferenceService~getPreferenceWithFallback - Preference not found in storage."]
[6200][1716816920557][main][info]["newAccountRegionPreferenceService~getToggleMenuTemplate - Using preference:","useUSRegion"]
[6200][1716816920732][main][info]["shellController~init: Success"]
[6200][1716816920922][main][info]["shellMeta~init: Success"]
[6200][1716816920922][main][info]["partitionMigrationService: State of V7 partition:"]
[6200][1716816920922][main][info]["partitionMigrationService: V7 partitions",[]]
[6200][1716816920923][main][info]["partitionMigrationService~rectifyNamespaceOfScratchPadPartition: There is no partition with scratchpad namespace"]
[6200][1716816920923][main][info]["partitionMigrationService~rectifyNamespaceOfScratchPadPartition: There is no transit partition which could have been used for scratchpad"]
[6200][1716816920923][main][info]["partitionMigrationService~init: Success"]
[6200][1716816920938][main][info]["partitionMigrationService~runV8PartitionsIntegrity: Two way migration~ removing the following partitions from v8",[]]
[6200][1716816920945][main][info]["userPartitionService~getRecentV8UserPartition: recent v8 user context partition ","d589bf1b-af9b-4c06-b656-5b436226ea34"]
[6200][1716816920945][main][info]["userPartitionService~_rectifyTheActivePartitionOfApplication: Setting the active partition to ","d589bf1b-af9b-4c06-b656-5b436226ea34"]
[6200][1716816921020][main][info]["userPartitionService~init: Success"]
[6200][1716816921192][main][info]["userPartitionService: State of v8 partition system:"]
[6200][1716816921202][main][info]["shell~init~getPartitionToLoad: loading active partition"]
[6200][1716816921206][main][info]["userPartitionService: List of partitions:",[{"partitionId":"d589bf1b-af9b-4c06-b656-5b436226ea34","namespace":"users","userId":"33399739","teamId":"0","lastUpdated":"2024-05-23T17:07:45.277Z"},{"partitionId":"4a68c6a8-5abf-4a04-bff2-8d33631084d8","namespace":"scratchPad","userId":0,"teamId":0,"isDirty":false}]]
[6200][1716816921207][main][info]["userPartitionService: users global meta:",{}]
[6200][1716816921214][main][info]["Main:windowManager~newRequesterWindow: Fetch and update runtime config: us"]
[6200][1716816930290][main][info]["RuntimeIPCAgent~started: Success"]
[6200][1716816932593][main][info]["Main~getRemoteInitPath:: "]
[6200][1716816933115][main][info]["UpdateHandler~app-update-events - Received event",{"name":"checkForElectronVersionUpdated","namespace":"appUpdate"}]
[6200][1716816933136][main][info]["windowManager: First requester booted successfully."]
[6200][1716816933136][main][info]["windowManager~restoreWindows: Restoring requester windows"]
[6200][1716816933136][main][info]["Main~AppEvents - Received booted event for process requester.Version 11.1.14 UI Version: 11.1.14-ui-240521-0853 Desktop Platform Version: 11.1.14"]
[6200][1716816933315][main][info]["Main~getRemoteInitPath:: "]
[6200][1716816933785][main][info]["INTERCEPTOR CONNECTIVITY: Attempting to start websocket server on port 15611"]
[6200][1716816933879][main][info]["Main~getPlatformLaunchPerfMetrics"]
[6200][1716816935530][main][info]["Main - model-events~user - (user, bootstrapUser) received"]
[6200][1716816935531][main][info]["model-events~user - bootstrapUser received"]
[31378][1716912508903][main][info]["Booting Postman 11.1.14, linux-6.9.1-arch1-2 on x64"]
[31378][1716912508913][main][info]["EventBus~initialize - Success"]
[31378][1716912508926][main][info]["Proxy configuration has not been setup"]
[31378][1716912508928][main][info]["CloudProxyManager~init - Success"]
[31378][1716912508990][main][info]["performShellDataMigration: Migration has already been done. Bailing out"]
[31378][1716912508997][main][info]["UpdateHandler~init - Success"]
[31378][1716912508998][main][info]["LeaderSelection: Initialized successfully"]
[31378][1716912508999][main][info]["VersionDependencyService: Initialized successfully"]
[31378][1716912509036][main][info]["LinuxAutoUpdater~Cleanup - Initial cleanup successful"]
[31378][1716912509058][main][info]["GPU detected VID 4098 DID 26128 ACTIVE true"]
[31378][1716912509067][main][info]["newAccountRegionPreferenceService~getPreferenceWithFallback - Preference not found in storage."]
[31378][1716912509068][main][info]["newAccountRegionPreferenceService~getToggleMenuTemplate - Using preference:","useUSRegion"]
[31378][1716912509205][main][info]["shellController~init: Success"]
[31378][1716912509444][main][info]["shellMeta~init: Success"]
[31378][1716912509444][main][info]["partitionMigrationService: State of V7 partition:"]
[31378][1716912509444][main][info]["partitionMigrationService: V7 partitions",[]]
[31378][1716912509445][main][info]["partitionMigrationService~rectifyNamespaceOfScratchPadPartition: There is no partition with scratchpad namespace"]
[31378][1716912509445][main][info]["partitionMigrationService~rectifyNamespaceOfScratchPadPartition: There is no transit partition which could have been used for scratchpad"]
[31378][1716912509445][main][info]["partitionMigrationService~init: Success"]
[31378][1716912509465][main][info]["partitionMigrationService~runV8PartitionsIntegrity: Two way migration~ removing the following partitions from v8",[]]
[31378][1716912509471][main][info]["userPartitionService~getRecentV8UserPartition: recent v8 user context partition ","d589bf1b-af9b-4c06-b656-5b436226ea34"]
[31378][1716912509471][main][info]["userPartitionService~_rectifyTheActivePartitionOfApplication: Setting the active partition to ","d589bf1b-af9b-4c06-b656-5b436226ea34"]
[31378][1716912509537][main][info]["userPartitionService~init: Success"]
[31378][1716912509690][main][info]["userPartitionService: State of v8 partition system:"]
[31378][1716912509701][main][info]["shell~init~getPartitionToLoad: loading active partition"]
[31378][1716912509707][main][info]["userPartitionService: List of partitions:",[{"partitionId":"d589bf1b-af9b-4c06-b656-5b436226ea34","namespace":"users","userId":"33399739","teamId":"0","lastUpdated":"2024-05-23T17:07:45.277Z"},{"partitionId":"4a68c6a8-5abf-4a04-bff2-8d33631084d8","namespace":"scratchPad","userId":0,"teamId":0,"isDirty":false}]]
[31378][1716912509708][main][info]["userPartitionService: users global meta:",{}]
[31378][1716912509719][main][info]["Main:windowManager~newRequesterWindow: Fetch and update runtime config: us"]
[31378][1716912518286][main][info]["RuntimeIPCAgent~started: Success"]
[31378][1716912520623][main][info]["Main~getRemoteInitPath:: "]
[31378][1716912521096][main][info]["UpdateHandler~app-update-events - Received event",{"name":"checkForElectronVersionUpdated","namespace":"appUpdate"}]
[31378][1716912521125][main][info]["windowManager: First requester booted successfully."]
[31378][1716912521125][main][info]["windowManager~restoreWindows: Restoring requester windows"]
[31378][1716912521126][main][info]["Main~AppEvents - Received booted event for process requester.Version 11.1.14 UI Version: 11.1.14-ui-240521-0853 Desktop Platform Version: 11.1.14"]
[31378][1716912521339][main][info]["Main~getRemoteInitPath:: "]
[31378][1716912521533][main][info]["INTERCEPTOR CONNECTIVITY: Attempting to start websocket server on port 15611"]
[31378][1716912524335][main][info]["Main - model-events~user - (user, bootstrapUser) received"]
[31378][1716912524336][main][info]["model-events~user - bootstrapUser received"]
[31378][1716912524508][main][info]["Main~getPlatformLaunchPerfMetrics"]
[66023][1717011251954][main][info]["Booting Postman 11.1.14, linux-6.9.2-arch1-1 on x64"]
[66023][1717011251956][main][info]["EventBus~initialize - Success"]
[66023][1717011251958][main][info]["Proxy configuration has not been setup"]
[66023][1717011251959][main][info]["CloudProxyManager~init - Success"]
[66023][1717011252076][main][info]["performShellDataMigration: Migration has already been done. Bailing out"]
[66023][1717011252099][main][info]["UpdateHandler~init - Success"]
[66023][1717011252103][main][info]["LeaderSelection: Initialized successfully"]
[66023][1717011252104][main][info]["VersionDependencyService: Initialized successfully"]
[66023][1717011252140][main][info]["LinuxAutoUpdater~Cleanup - Initial cleanup successful"]
[66023][1717011252168][main][info]["GPU detected VID 4098 DID 26128 ACTIVE true"]
[66023][1717011252172][main][info]["newAccountRegionPreferenceService~getPreferenceWithFallback - Preference not found in storage."]
[66023][1717011252172][main][info]["newAccountRegionPreferenceService~getToggleMenuTemplate - Using preference:","useUSRegion"]
[66023][1717011252393][main][info]["shellController~init: Success"]
[66023][1717011252398][main][info]["shellMeta~init: Success"]
[66023][1717011252398][main][info]["partitionMigrationService: State of V7 partition:"]
[66023][1717011252398][main][info]["partitionMigrationService: V7 partitions",[]]
[66023][1717011252399][main][info]["partitionMigrationService~rectifyNamespaceOfScratchPadPartition: There is no partition with scratchpad namespace"]
[66023][1717011252399][main][info]["partitionMigrationService~rectifyNamespaceOfScratchPadPartition: There is no transit partition which could have been used for scratchpad"]
[66023][1717011252399][main][info]["partitionMigrationService~init: Success"]
[66023][1717011252409][main][info]["partitionMigrationService~runV8PartitionsIntegrity: Two way migration~ removing the following partitions from v8",[]]
[66023][1717011252413][main][info]["userPartitionService~getRecentV8UserPartition: recent v8 user context partition ","d589bf1b-af9b-4c06-b656-5b436226ea34"]
[66023][1717011252413][main][info]["userPartitionService~_rectifyTheActivePartitionOfApplication: Setting the active partition to ","d589bf1b-af9b-4c06-b656-5b436226ea34"]
[66023][1717011252470][main][info]["userPartitionService~init: Success"]
[66023][1717011252695][main][info]["userPartitionService: State of v8 partition system:"]
[66023][1717011252705][main][info]["shell~init~getPartitionToLoad: loading active partition"]
[66023][1717011252713][main][info]["userPartitionService: List of partitions:",[{"partitionId":"d589bf1b-af9b-4c06-b656-5b436226ea34","namespace":"users","userId":"33399739","teamId":"0","lastUpdated":"2024-05-23T17:07:45.277Z"},{"partitionId":"4a68c6a8-5abf-4a04-bff2-8d33631084d8","namespace":"scratchPad","userId":0,"teamId":0,"isDirty":false}]]
[66023][1717011252713][main][info]["userPartitionService: users global meta:",{}]
[66023][1717011252720][main][info]["Main:windowManager~newRequesterWindow: Fetch and update runtime config: us"]
[66023][1717011260215][main][info]["RuntimeIPCAgent~started: Success"]
[66023][1717011262284][main][info]["Main~getRemoteInitPath:: "]
[66023][1717011263010][main][info]["UpdateHandler~app-update-events - Received event",{"name":"checkForElectronVersionUpdated","namespace":"appUpdate"}]
[66023][1717011263032][main][info]["windowManager: First requester booted successfully."]
[66023][1717011263033][main][info]["windowManager~restoreWindows: Restoring requester windows"]
[66023][1717011263033][main][info]["Main~AppEvents - Received booted event for process requester.Version 11.1.14 UI Version: 11.1.14-ui-240521-0853 Desktop Platform Version: 11.1.14"]
[66023][1717011263310][main][info]["Main~getRemoteInitPath:: "]
[66023][1717011263533][main][info]["INTERCEPTOR CONNECTIVITY: Attempting to start websocket server on port 15611"]
[66023][1717011265997][main][info]["Main~getPlatformLaunchPerfMetrics"]
[66023][1717011266963][main][info]["Main - model-events~user - (user, bootstrapUser) received"]
[66023][1717011266964][main][info]["model-events~user - bootstrapUser received"]
[66023][1717029480862][main][info]["WindowManager~closeHandler - Closed Window (id: 1 )"]
[66023][1717029480870][main][error]["Main~handleUncaughtError - Uncaught errors",{"name":"TypeError","message":"Cannot read properties of undefined (reading 'send')","stack":"TypeError: Cannot read properties of undefined (reading 'send')\n    at Object.sendMessageToInterceptor (/home/willssedgar/Downloads/postman-linux-x64/Postman/app/resources/app/services/websocketServer.js:144:10)\n    at Object.requesterWindowHandler (/home/willssedgar/Downloads/postman-linux-x64/Postman/app/resources/app/services/websocketServer.js:389:14)\n    at EventEmitter.emit (node:events:539:35)\n    at EventEmitter.emit (node:domain:475:12)\n    at _dispatch (/home/willssedgar/Downloads/postman-linux-x64/Postman/app/resources/app/common/_event-bus.js:256:14)\n    at EventBus._publish (/home/willssedgar/Downloads/postman-linux-x64/Postman/app/resources/app/common/_event-bus.js:207:9)\n    at Object.closedHandler (/home/willssedgar/Downloads/postman-linux-x64/Postman/app/resources/app/services/windowManager.js:1090:18)\n    at BrowserWindow.emit (node:events:527:28)\n    at BrowserWindow.emit (node:domain:475:12)"}]
